GROUP,PACKAGE,CLASS,INSTRUCTION_MISSED,INSTRUCTION_COVERED,BRANCH_MISSED,BRANCH_COVERED,LINE_MISSED,LINE_COVERED,COMPLEXITY_MISSED,COMPLEXITY_COVERED,METHOD_MISSED,METHOD_COVERED
assg1,default,readfile,0,113,0,6,0,30,0,6,0,3
assg1,default,RateHistory,8,386,3,19,3,74,3,17,0,9
assg1,default,PopCWriter,0,55,0,2,0,15,0,4,0,3
assg1,default,Converter,0,27,0,2,0,7,0,3,0,2
assg1,default,HelloFX,3130,0,120,0,607,0,94,0,34,0
assg1,default,RateWriter,22,485,1,39,2,101,1,26,0,7
assg1,PACKAGE_NAME,Updater,3,0,0,0,1,0,1,0,1,0
